<?xml version="1.0" encoding="UTF-8"?>
<!-- Generated by org.testng.reporters.JUnitReportReporter -->
<testsuite hostname="DESKTOP-C2KGATJ" failures="0" tests="4" name="com.qa.opencart.test.AccountsPageTest" time="5.239" errors="0" timestamp="2024-06-27T09:13:01 GMT-04:00" skipped="0">
  <testcase classname="com.qa.opencart.test.AccountsPageTest" name="accPageTitleTest" time="0.054"/>
  <testcase classname="com.qa.opencart.test.AccountsPageTest" name="searchTest" time="4.872"/>
  <testcase classname="com.qa.opencart.test.AccountsPageTest" name="accPageURLTest" time="0.041"/>
  <testcase classname="com.qa.opencart.test.AccountsPageTest" name="accPageHeadersTest" time="0.272"/>
</testsuite> <!-- com.qa.opencart.test.AccountsPageTest -->
